<?xml version="1.0" encoding="UTF-8"?>
<!-- Generated by org.testng.reporters.JUnitReportReporter -->
<testsuite hostname="ccvmware" name="Fibonacci_Test" tests="55" failures="0" timestamp="8 Jul 2013 21:11:27 GMT" time="0.026" errors="0">
  <testcase name="memoizedIntegerRecursive" time="0.000" classname="Fibonacci_Test"/>
  <testcase name="sequenceInstanceAccess" time="0.001" classname="Fibonacci_Test"/>
  <testcase name="memoizedIntegerRecursive" time="0.000" classname="Fibonacci_Test"/>
  <testcase name="recursive" time="0.000" classname="Fibonacci_Test"/>
  <testcase name="memoizedBigIntegerRecursive" time="0.001" classname="Fibonacci_Test"/>
  <testcase name="iterative" time="0.000" classname="Fibonacci_Test"/>
  <testcase name="iterative" time="0.001" classname="Fibonacci_Test"/>
  <testcase name="iterative" time="0.000" classname="Fibonacci_Test"/>
  <testcase name="memoizedBigIntegerRecursive" time="0.000" classname="Fibonacci_Test"/>
  <testcase name="iterative" time="0.000" classname="Fibonacci_Test"/>
  <testcase name="iterative" time="0.000" classname="Fibonacci_Test"/>
  <testcase name="iterative" time="0.000" classname="Fibonacci_Test"/>
  <testcase name="iterative" time="0.000" classname="Fibonacci_Test"/>
  <testcase name="recursive" time="0.000" classname="Fibonacci_Test"/>
  <testcase name="memoizedIntegerRecursive" time="0.000" classname="Fibonacci_Test"/>
  <testcase name="memoizedIntegerRecursive" time="0.000" classname="Fibonacci_Test"/>
  <testcase name="iterator" time="0.009" classname="Fibonacci_Test"/>
  <testcase name="recursive" time="0.000" classname="Fibonacci_Test"/>
  <testcase name="memoizedIntegerRecursive" time="0.000" classname="Fibonacci_Test"/>
  <testcase name="sequenceStaticAccess" time="0.001" classname="Fibonacci_Test"/>
  <testcase name="recursive" time="0.000" classname="Fibonacci_Test"/>
  <testcase name="memoizedIntegerRecursive" time="0.001" classname="Fibonacci_Test"/>
  <testcase name="memoizedBigIntegerRecursive" time="0.000" classname="Fibonacci_Test"/>
  <testcase name="memoizedBigIntegerRecursive" time="0.000" classname="Fibonacci_Test"/>
  <testcase name="recursive" time="0.000" classname="Fibonacci_Test"/>
  <testcase name="iterative" time="0.000" classname="Fibonacci_Test"/>
  <testcase name="iterative" time="0.000" classname="Fibonacci_Test"/>
  <testcase name="iterative" time="0.000" classname="Fibonacci_Test"/>
  <testcase name="iterative" time="0.000" classname="Fibonacci_Test"/>
  <testcase name="iterative" time="0.004" classname="Fibonacci_Test"/>
  <testcase name="recursive" time="0.001" classname="Fibonacci_Test"/>
  <testcase name="recursive" time="0.000" classname="Fibonacci_Test"/>
  <testcase name="memoizedBigIntegerRecursive" time="0.000" classname="Fibonacci_Test"/>
  <testcase name="memoizedBigIntegerRecursive" time="0.000" classname="Fibonacci_Test"/>
  <testcase name="recursive" time="0.000" classname="Fibonacci_Test"/>
  <testcase name="memoizedIntegerRecursive" time="0.000" classname="Fibonacci_Test"/>
  <testcase name="iterative" time="0.000" classname="Fibonacci_Test"/>
  <testcase name="memoizedIntegerRecursive" time="0.000" classname="Fibonacci_Test"/>
  <testcase name="memoizedBigIntegerRecursive" time="0.000" classname="Fibonacci_Test"/>
  <testcase name="recursive" time="0.001" classname="Fibonacci_Test"/>
  <testcase name="memoizedBigIntegerRecursive" time="0.000" classname="Fibonacci_Test"/>
  <testcase name="memoizedBigIntegerRecursive" time="0.000" classname="Fibonacci_Test"/>
  <testcase name="recursive" time="0.001" classname="Fibonacci_Test"/>
  <testcase name="recursive" time="0.000" classname="Fibonacci_Test"/>
  <testcase name="memoizedIntegerRecursive" time="0.000" classname="Fibonacci_Test"/>
  <testcase name="memoizedBigIntegerRecursive" time="0.001" classname="Fibonacci_Test"/>
  <testcase name="memoizedIntegerRecursive" time="0.000" classname="Fibonacci_Test"/>
  <testcase name="memoizedBigIntegerRecursive" time="0.000" classname="Fibonacci_Test"/>
  <testcase name="memoizedIntegerRecursive" time="0.000" classname="Fibonacci_Test"/>
  <testcase name="recursive" time="0.003" classname="Fibonacci_Test"/>
  <testcase name="memoizedBigIntegerRecursive" time="0.000" classname="Fibonacci_Test"/>
  <testcase name="memoizedBigIntegerRecursive" time="0.000" classname="Fibonacci_Test"/>
  <testcase name="memoizedIntegerRecursive" time="0.000" classname="Fibonacci_Test"/>
  <testcase name="memoizedIntegerRecursive" time="0.000" classname="Fibonacci_Test"/>
  <testcase name="recursive" time="0.001" classname="Fibonacci_Test"/>
</testsuite> <!-- Fibonacci_Test -->
